<?xml version="1.0" encoding="UTF-8"?>
<!-- Generated by org.testng.reporters.JUnitXMLReporter -->
<testsuite ignored="1" hostname="DESKTOP-TKJE3OB" failures="0" tests="1" name="Default test" time="86.922" errors="0" timestamp="2023-02-13T02:18:29 IST">
  <testcase classname="com.bridgelabz.qa.Automation.Facebook_Tests" name="sign_In" time="65.232"/>
  <testcase classname="com.bridgelabz.qa.Automation.Facebook_Tests" name="sign_Up" time="0.0">
    <ignored/>
  </testcase> <!-- sign_Up -->
</testsuite> <!-- Default test -->
