<?xml version="1.0" encoding="UTF-8"?>
<testng-results ignored="1" total="2" passed="1" failed="0" skipped="0">
  <reporter-output>
  </reporter-output>
  <suite started-at="2023-02-13T02:17:02 IST" name="Default suite" finished-at="2023-02-13T02:18:29 IST" duration-ms="86922">
    <groups>
    </groups>
    <test started-at="2023-02-13T02:17:02 IST" name="Default test" finished-at="2023-02-13T02:18:29 IST" duration-ms="86922">
      <class name="com.bridgelabz.qa.Automation.Facebook_Tests">
        <test-method is-config="true" signature="setUp()[pri:0, instance:com.bridgelabz.qa.Automation.Facebook_Tests@2ea41516]" started-at="2023-02-13T02:17:02 IST" name="setUp" finished-at="2023-02-13T02:17:23 IST" duration-ms="21371" status="PASS">
          <reporter-output>
          </reporter-output>
        </test-method> <!-- setUp -->
        <test-method signature="sign_In()[pri:0, instance:com.bridgelabz.qa.Automation.Facebook_Tests@2ea41516]" started-at="2023-02-13T02:17:23 IST" name="sign_In" finished-at="2023-02-13T02:18:29 IST" duration-ms="65232" status="PASS">
          <reporter-output>
          </reporter-output>
        </test-method> <!-- sign_In -->
      </class> <!-- com.bridgelabz.qa.Automation.Facebook_Tests -->
    </test> <!-- Default test -->
  </suite> <!-- Default suite -->
</testng-results>
