<?xml version="1.0" encoding="UTF-8"?>
<testng-results ignored="0" total="1" passed="1" failed="0" skipped="0">
  <reporter-output>
  </reporter-output>
  <suite started-at="2023-02-02T03:07:19 IST" name="Default suite" finished-at="2023-02-02T03:08:03 IST" duration-ms="43885">
    <groups>
    </groups>
    <test started-at="2023-02-02T03:07:19 IST" name="Default test" finished-at="2023-02-02T03:08:03 IST" duration-ms="43885">
      <class name="com.bridgelabz.qa.Automation.Robot_Class_Test">
        <test-method signature="handling_Mouse_and_Keyboard_Operations()[pri:0, instance:com.bridgelabz.qa.Automation.Robot_Class_Test@4d465b11]" started-at="2023-02-02T03:07:19 IST" name="handling_Mouse_and_Keyboard_Operations" finished-at="2023-02-02T03:08:03 IST" duration-ms="43772" status="PASS">
          <reporter-output>
          </reporter-output>
        </test-method> <!-- handling_Mouse_and_Keyboard_Operations -->
      </class> <!-- com.bridgelabz.qa.Automation.Robot_Class_Test -->
    </test> <!-- Default test -->
  </suite> <!-- Default suite -->
</testng-results>
